10.000000000000 10.027000000000 10.000000000000 -2.000000000000 0.000000000000 -6.000000000000 1.06988859306726 
0.74800042430000 0.57741534948177 0.76791161424538 0.72947310592186 0.77768408503916 0.75652084559154 0.76791161424538 0.72947310592186 
5.24810411994380
(-0.073034355397+i0.989953992225)
{ 0.992644 }
(-0.073034355397-i0.989953992225)
{ 0.992644 }
(0.128606043728+i0.000000000000)
(0.947356485958+i0.504378517928)
{ 1.073258 }
(0.947356485958-i0.504378517928)
{ 1.073258 }
(1.000000000000+i0.000000000000)
(0.584281805102+i0.811550843895)
{ 1.000000 }
(0.584281805102-i0.811550843895)
{ 1.000000 }
10.000000000000 10.026000000000 10.000000000000 -2.000000000000 0.000000000000 -6.000000000000 1.06965833011839 
0.74800042430000 0.57742685085398 0.76792791516351 0.72954266022472 0.77769945163729 0.75659587053367 0.76792791516351 0.72954266022472 
5.24895212713648
(-0.073120445785+i0.989867216335)
{ 0.992564 }
(-0.073120445785-i0.989867216335)
{ 0.992564 }
(0.128530511827+i0.000000000000)
(0.947384476407+i0.504321393137)
{ 1.073256 }
(0.947384476407-i0.504321393137)
{ 1.073256 }
(1.000000000000+i0.000000000000)
(0.584360952450+i0.811493855338)
{ 1.000000 }
(0.584360952450-i0.811493855338)
{ 1.000000 }
